<?xml version="1.0" encoding="UTF-8"?>
<testng-results skipped="0" failed="0" ignored="0" total="3" passed="3">
  <reporter-output>
  </reporter-output>
  <suite name="Sample test Suite" duration-ms="77421" started-at="2019-10-24T14:02:41 IST" finished-at="2019-10-24T14:03:59 IST">
    <groups>
    </groups>
    <test name="Sample test" duration-ms="77421" started-at="2019-10-24T14:02:41 IST" finished-at="2019-10-24T14:03:59 IST">
      <class name="com.training.sanity.tests.RetailLoginTestsRTTC_011">
        <test-method status="PASS" signature="setUpBeforeClass()[pri:0, instance:com.training.sanity.tests.RetailLoginTestsRTTC_011@3b084709]" name="setUpBeforeClass" is-config="true" duration-ms="1" started-at="2019-10-24T14:03:35 IST" finished-at="2019-10-24T14:03:35 IST">
          <reporter-output>
          </reporter-output>
        </test-method> <!-- setUpBeforeClass -->
        <test-method status="PASS" signature="setUp()[pri:0, instance:com.training.sanity.tests.RetailLoginTestsRTTC_011@3b084709]" name="setUp" is-config="true" duration-ms="7298" started-at="2019-10-24T14:03:35 IST" finished-at="2019-10-24T14:03:42 IST">
          <reporter-output>
          </reporter-output>
        </test-method> <!-- setUp -->
        <test-method status="PASS" signature="retailLoginTest()[pri:0, instance:com.training.sanity.tests.RetailLoginTestsRTTC_011@3b084709]" name="retailLoginTest" duration-ms="1894" started-at="2019-10-24T14:03:42 IST" finished-at="2019-10-24T14:03:44 IST">
          <reporter-output>
          </reporter-output>
        </test-method> <!-- retailLoginTest -->
        <test-method status="PASS" signature="tearDown()[pri:0, instance:com.training.sanity.tests.RetailLoginTestsRTTC_011@3b084709]" name="tearDown" is-config="true" duration-ms="2310" started-at="2019-10-24T14:03:44 IST" finished-at="2019-10-24T14:03:46 IST">
          <reporter-output>
          </reporter-output>
        </test-method> <!-- tearDown -->
      </class> <!-- com.training.sanity.tests.RetailLoginTestsRTTC_011 -->
      <class name="com.training.sanity.tests.RetailRemoveRTTC_010">
        <test-method status="PASS" signature="setUpBeforeClass()[pri:0, instance:com.training.sanity.tests.RetailRemoveRTTC_010@57855c9a]" name="setUpBeforeClass" is-config="true" duration-ms="19" started-at="2019-10-24T14:02:41 IST" finished-at="2019-10-24T14:02:41 IST">
          <reporter-output>
          </reporter-output>
        </test-method> <!-- setUpBeforeClass -->
        <test-method status="PASS" signature="setUp()[pri:0, instance:com.training.sanity.tests.RetailRemoveRTTC_010@57855c9a]" name="setUp" is-config="true" duration-ms="14918" started-at="2019-10-24T14:02:41 IST" finished-at="2019-10-24T14:02:56 IST">
          <reporter-output>
          </reporter-output>
        </test-method> <!-- setUp -->
        <test-method status="PASS" signature="removefromcart()[pri:0, instance:com.training.sanity.tests.RetailRemoveRTTC_010@57855c9a]" name="removefromcart" duration-ms="35924" started-at="2019-10-24T14:02:56 IST" finished-at="2019-10-24T14:03:32 IST">
          <reporter-output>
          </reporter-output>
        </test-method> <!-- removefromcart -->
        <test-method status="PASS" signature="tearDown()[pri:0, instance:com.training.sanity.tests.RetailRemoveRTTC_010@57855c9a]" name="tearDown" is-config="true" duration-ms="2698" started-at="2019-10-24T14:03:32 IST" finished-at="2019-10-24T14:03:35 IST">
          <reporter-output>
          </reporter-output>
        </test-method> <!-- tearDown -->
      </class> <!-- com.training.sanity.tests.RetailRemoveRTTC_010 -->
      <class name="com.training.sanity.tests.RetaillistofcategoriestestRTTC_012">
        <test-method status="PASS" signature="setUpBeforeClass()[pri:0, instance:com.training.sanity.tests.RetaillistofcategoriestestRTTC_012@3224f60b]" name="setUpBeforeClass" is-config="true" duration-ms="1" started-at="2019-10-24T14:03:46 IST" finished-at="2019-10-24T14:03:46 IST">
          <reporter-output>
          </reporter-output>
        </test-method> <!-- setUpBeforeClass -->
        <test-method status="PASS" signature="setUp()[pri:0, instance:com.training.sanity.tests.RetaillistofcategoriestestRTTC_012@3224f60b]" name="setUp" is-config="true" duration-ms="6821" started-at="2019-10-24T14:03:46 IST" finished-at="2019-10-24T14:03:53 IST">
          <reporter-output>
          </reporter-output>
        </test-method> <!-- setUp -->
        <test-method status="PASS" signature="listofcategoriestest()[pri:0, instance:com.training.sanity.tests.RetaillistofcategoriestestRTTC_012@3224f60b]" name="listofcategoriestest" duration-ms="3155" started-at="2019-10-24T14:03:53 IST" finished-at="2019-10-24T14:03:56 IST">
          <reporter-output>
          </reporter-output>
        </test-method> <!-- listofcategoriestest -->
        <test-method status="PASS" signature="tearDown()[pri:0, instance:com.training.sanity.tests.RetaillistofcategoriestestRTTC_012@3224f60b]" name="tearDown" is-config="true" duration-ms="2338" started-at="2019-10-24T14:03:56 IST" finished-at="2019-10-24T14:03:59 IST">
          <reporter-output>
          </reporter-output>
        </test-method> <!-- tearDown -->
      </class> <!-- com.training.sanity.tests.RetaillistofcategoriestestRTTC_012 -->
    </test> <!-- Sample test -->
  </suite> <!-- Sample test Suite -->
</testng-results>
