<?xml version="1.0" encoding="UTF-8"?>
<!-- Generated by org.testng.reporters.JUnitXMLReporter -->
<testsuite hostname="DESKTOP-6KNR55K" ignored="0" name="Sample test" tests="6" failures="0" timestamp="2019-10-31T14:19:09 IST" time="162.961" errors="0">
  <testcase name="removefromcart" time="37.113" classname="com.training.sanity.tests.RetailRemoveRTTC_010"/>
  <testcase name="retailLoginTest" time="2.377" classname="com.training.sanity.tests.RetailLoginTestsRTTC_011"/>
  <testcase name="listofcategoriestest" time="3.568" classname="com.training.sanity.tests.RetaillistofcategoriestestRTTC_012"/>
  <testcase name="deletecategoriestest" time="27.503" classname="com.training.sanity.tests.DeleteMultipleCategoryRTTC_040"/>
  <testcase name="deletecategoriestest" time="9.886" classname="com.training.sanity.tests.FilterProductDetailsRTTC_41"/>
  <testcase name="addproducttest" time="14.391" classname="com.training.sanity.tests.AddProductRTTC_42"/>
</testsuite> <!-- Sample test -->
