<?xml version="1.0" encoding="UTF-8"?>
<!-- Generated by org.testng.reporters.JUnitXMLReporter -->
<testsuite hostname="DESKTOP-6KNR55K" ignored="0" name="Sample test" tests="3" failures="0" timestamp="2019-10-24T14:03:59 IST" time="77.421" errors="0">
  <testcase name="removefromcart" time="35.924" classname="com.training.sanity.tests.RetailRemoveRTTC_010"/>
  <testcase name="retailLoginTest" time="1.894" classname="com.training.sanity.tests.RetailLoginTestsRTTC_011"/>
  <testcase name="listofcategoriestest" time="3.155" classname="com.training.sanity.tests.RetaillistofcategoriestestRTTC_012"/>
</testsuite> <!-- Sample test -->
